<?xml version="1.0" encoding="UTF-8"?>
<!-- Generated by org.testng.reporters.JUnitXMLReporter -->
<testsuite hostname="DESKTOP-T8H87ST" ignored="1" name="Test" tests="2" failures="2" timestamp="2022-06-16T07:09:08 IST" time="64.003" errors="0">
  <testcase name="actLoginScript" time="33.033" classname="scripts.actiLogin">
    <failure type="java.lang.AssertionError" message="null">
      <![CDATA[java.lang.AssertionError: null
at generics.webActionUtil.validateTitle(webActionUtil.java:60)
at pages.actitime_login_page2.login(actitime_login_page2.java:27)
at scripts.actiLogin.actLoginScript(actiLogin.java:15)
at java.util.concurrent.ThreadPoolExecutor.runWorker(Unknown Source)
at java.util.concurrent.ThreadPoolExecutor$Worker.run(Unknown Source)
at java.lang.Thread.run(Unknown Source)
... Removed 14 stack frames]]>
    </failure>
  </testcase> <!-- actLoginScript -->
  <testcase name="actLoginScript" time="32.287" classname="scripts.addUserScript">
    <failure type="java.lang.AssertionError" message="null">
      <![CDATA[java.lang.AssertionError: null
at generics.webActionUtil.validateTitle(webActionUtil.java:60)
at pages.actitime_login_page2.login(actitime_login_page2.java:27)
at scripts.addUserScript.actLoginScript(addUserScript.java:15)
at java.util.concurrent.ThreadPoolExecutor.runWorker(Unknown Source)
at java.util.concurrent.ThreadPoolExecutor$Worker.run(Unknown Source)
at java.lang.Thread.run(Unknown Source)
... Removed 14 stack frames]]>
    </failure>
  </testcase> <!-- actLoginScript -->
  <testcase name="@AfterSuite killDriver" time="0.0" classname="generics.Basetest">
    <ignored/>
  </testcase> <!-- @AfterSuite killDriver -->
</testsuite> <!-- Test -->
