<?xml version="1.0" encoding="UTF-8"?>
<testng-results skipped="0" failed="1" ignored="0" total="1" passed="0">
  <reporter-output>
    <line>
      <![CDATA[Title is not matching]]>
    </line>
  </reporter-output>
  <suite name="Default suite" duration-ms="66929" started-at="2022-06-16T07:18:02 IST" finished-at="2022-06-16T07:19:09 IST">
    <groups>
    </groups>
    <test name="Default test" duration-ms="66929" started-at="2022-06-16T07:18:02 IST" finished-at="2022-06-16T07:19:09 IST">
      <class name="scripts.addUserScript">
        <test-method status="PASS" signature="setPath()[pri:0, instance:scripts.addUserScript@37d4349f]" name="setPath" is-config="true" duration-ms="16" started-at="2022-06-16T07:18:02 IST" finished-at="2022-06-16T07:18:02 IST">
          <reporter-output>
          </reporter-output>
        </test-method> <!-- setPath -->
        <test-method status="PASS" signature="launchBrowser()[pri:0, instance:scripts.addUserScript@37d4349f]" name="launchBrowser" is-config="true" duration-ms="30116" started-at="2022-06-16T07:18:05 IST" finished-at="2022-06-16T07:18:35 IST">
          <reporter-output>
          </reporter-output>
        </test-method> <!-- launchBrowser -->
        <test-method status="FAIL" signature="actLoginScript(java.lang.String,java.lang.String,java.lang.String)[pri:0, instance:scripts.addUserScript@37d4349f]" name="actLoginScript" duration-ms="31872" started-at="2022-06-16T07:18:35 IST" data-provider="addUserData" finished-at="2022-06-16T07:19:07 IST">
          <params>
            <param index="0">
              <value>
                <![CDATA[abhi]]>
              </value>
            </param>
            <param index="1">
              <value>
                <![CDATA[b]]>
              </value>
            </param>
            <param index="2">
              <value>
                <![CDATA[abhi@gmail.com]]>
              </value>
            </param>
          </params>
          <exception class="java.lang.AssertionError">
            <message>
              <![CDATA[null]]>
            </message>
            <full-stacktrace>
              <![CDATA[java.lang.AssertionError: null
at org.testng.Assert.fail(Assert.java:99)
at org.testng.Assert.fail(Assert.java:106)
at generics.webActionUtil.validateTitle(webActionUtil.java:60)
at pages.actitime_login_page2.login(actitime_login_page2.java:27)
at scripts.addUserScript.actLoginScript(addUserScript.java:15)
at sun.reflect.NativeMethodAccessorImpl.invoke0(Native Method)
at sun.reflect.NativeMethodAccessorImpl.invoke(Unknown Source)
at sun.reflect.DelegatingMethodAccessorImpl.invoke(Unknown Source)
at java.lang.reflect.Method.invoke(Unknown Source)
at org.testng.internal.MethodInvocationHelper.invokeMethod(MethodInvocationHelper.java:133)
at org.testng.internal.TestInvoker.invokeMethod(TestInvoker.java:598)
at org.testng.internal.TestInvoker.invokeTestMethod(TestInvoker.java:173)
at org.testng.internal.MethodRunner.runInSequence(MethodRunner.java:46)
at org.testng.internal.TestInvoker$MethodInvocationAgent.invoke(TestInvoker.java:824)
at org.testng.internal.TestInvoker.invokeTestMethods(TestInvoker.java:146)
at org.testng.internal.TestMethodWorker.invokeTestMethods(TestMethodWorker.java:146)
at org.testng.internal.TestMethodWorker.run(TestMethodWorker.java:128)
at java.util.ArrayList.forEach(Unknown Source)
at org.testng.TestRunner.privateRun(TestRunner.java:794)
at org.testng.TestRunner.run(TestRunner.java:596)
at org.testng.SuiteRunner.runTest(SuiteRunner.java:377)
at org.testng.SuiteRunner.runSequentially(SuiteRunner.java:371)
at org.testng.SuiteRunner.privateRun(SuiteRunner.java:332)
at org.testng.SuiteRunner.run(SuiteRunner.java:276)
at org.testng.SuiteRunnerWorker.runSuite(SuiteRunnerWorker.java:53)
at org.testng.SuiteRunnerWorker.run(SuiteRunnerWorker.java:96)
at org.testng.TestNG.runSuitesSequentially(TestNG.java:1212)
at org.testng.TestNG.runSuitesLocally(TestNG.java:1134)
at org.testng.TestNG.runSuites(TestNG.java:1063)
at org.testng.TestNG.run(TestNG.java:1031)
at org.testng.remote.AbstractRemoteTestNG.run(AbstractRemoteTestNG.java:115)
at org.testng.remote.RemoteTestNG.initAndRun(RemoteTestNG.java:251)
at org.testng.remote.RemoteTestNG.main(RemoteTestNG.java:77)
]]>
            </full-stacktrace>
          </exception> <!-- java.lang.AssertionError -->
          <reporter-output>
            <line>
              <![CDATA[Title is not matching]]>
            </line>
          </reporter-output>
        </test-method> <!-- actLoginScript -->
        <test-method status="PASS" signature="closeBrowser()[pri:0, instance:scripts.addUserScript@37d4349f]" name="closeBrowser" is-config="true" duration-ms="1909" started-at="2022-06-16T07:19:07 IST" finished-at="2022-06-16T07:19:09 IST">
          <reporter-output>
          </reporter-output>
        </test-method> <!-- closeBrowser -->
        <test-method status="PASS" signature="killDriver()[pri:0, instance:scripts.addUserScript@37d4349f]" name="killDriver" is-config="true" duration-ms="84" started-at="2022-06-16T07:19:09 IST" finished-at="2022-06-16T07:19:09 IST">
          <reporter-output>
          </reporter-output>
        </test-method> <!-- killDriver -->
      </class> <!-- scripts.addUserScript -->
    </test> <!-- Default test -->
  </suite> <!-- Default suite -->
</testng-results>
